Arguments: 
  /usr/local/bin/node /Users/kohei/.nodebrew/current/bin/yarn add user-random-agent

PATH: 
  /usr/local/bin:/usr/bin:/bin:/usr/sbin:/sbin:/Library/Frameworks/Python.framework/Versions/3.9/bin:/usr/libexec:/usr/local/opt/postgresql@14/bin:/Users/kohei/.nodebrew/current/bin

Yarn version: 
  1.22.19

Node version: 
  18.12.1

Platform: 
  darwin arm64

Trace: 
  Error: https://registry.yarnpkg.com/user-random-agent: Not found
      at params.callback [as _callback] (/Users/kohei/.nodebrew/node/v18.6.0/lib/node_modules/yarn/lib/cli.js:66145:18)
      at self.callback (/Users/kohei/.nodebrew/node/v18.6.0/lib/node_modules/yarn/lib/cli.js:140890:22)
      at Request.emit (node:events:513:28)
      at Request.<anonymous> (/Users/kohei/.nodebrew/node/v18.6.0/lib/node_modules/yarn/lib/cli.js:141862:10)
      at Request.emit (node:events:513:28)
      at IncomingMessage.<anonymous> (/Users/kohei/.nodebrew/node/v18.6.0/lib/node_modules/yarn/lib/cli.js:141784:12)
      at Object.onceWrapper (node:events:627:28)
      at IncomingMessage.emit (node:events:525:35)
      at endReadableNT (node:internal/streams/readable:1359:12)
      at process.processTicksAndRejections (node:internal/process/task_queues:82:21)

npm manifest: 
  {
    "name": "playwright_scraping",
    "version": "1.0.0",
    "main": "index.js",
    "repository": "https://github.com/Kohei-Suzuki22/playwright_scraping.git",
    "author": "kohei <bhkbb0551@gmail.com>",
    "license": "MIT",
    "private": false,
    "scripts": {
      "scraper": "node scraper.ts"
    },
    "dependencies": {
      "@types/node": "^18.11.18",
      "playwright": "^1.29.1",
      "prettier": "^2.8.1"
    }
  }

yarn manifest: 
  No manifest

Lockfile: 
  # THIS IS AN AUTOGENERATED FILE. DO NOT EDIT THIS FILE DIRECTLY.
  # yarn lockfile v1
  
  
  "@types/node@^18.11.18":
    version "18.11.18"
    resolved "https://registry.yarnpkg.com/@types/node/-/node-18.11.18.tgz#8dfb97f0da23c2293e554c5a50d61ef134d7697f"
    integrity sha512-DHQpWGjyQKSHj3ebjFI/wRKcqQcdR+MoFBygntYOZytCqNfkd2ZC4ARDJ2DQqhjH5p85Nnd3jhUJIXrszFX/JA==
  
  playwright-core@1.29.1:
    version "1.29.1"
    resolved "https://registry.yarnpkg.com/playwright-core/-/playwright-core-1.29.1.tgz#9ec15d61c4bd2f386ddf6ce010db53a030345a47"
    integrity sha512-20Ai3d+lMkWpI9YZYlxk8gxatfgax5STW8GaMozAHwigLiyiKQrdkt7gaoT9UQR8FIVDg6qVXs9IoZUQrDjIIg==
  
  playwright@^1.29.1:
    version "1.29.1"
    resolved "https://registry.yarnpkg.com/playwright/-/playwright-1.29.1.tgz#fc04b34f42e3bfc0edadb1c45ef9bffd53c21f70"
    integrity sha512-lasC+pMqsQ2uWhNurt3YK3xo0gWlMjslYUylKbHcqF/NTjwp9KStRGO7S6wwz2f52GcSnop8XUK/GymJjdzrxw==
    dependencies:
      playwright-core "1.29.1"
  
  prettier@^2.8.1:
    version "2.8.1"
    resolved "https://registry.yarnpkg.com/prettier/-/prettier-2.8.1.tgz#4e1fd11c34e2421bc1da9aea9bd8127cd0a35efc"
    integrity sha512-lqGoSJBQNJidqCHE80vqZJHWHRFoNYsSpP9AjFhlhi9ODCJA541svILes/+/1GM3VaL/abZi7cpFzOpdR9UPKg==
